<?xml version="1.0" encoding="UTF-8"?>
<testng-results skipped="0" failed="0" total="1" passed="1">
  <reporter-output>
  </reporter-output>
  <suite name="Suite" duration-ms="24392" started-at="2015-12-08T12:59:02Z" finished-at="2015-12-08T12:59:26Z">
    <groups>
    </groups>
    <test name="Test" duration-ms="24392" started-at="2015-12-08T12:59:02Z" finished-at="2015-12-08T12:59:26Z">
      <class name="demo.testJenkins">
        <test-method status="PASS" signature="denojenkinsjobs()[pri:0, instance:demo.testJenkins@6e3c1e69]" name="denojenkinsjobs" duration-ms="24277" started-at="2015-12-08T18:29:02Z" finished-at="2015-12-08T18:29:26Z">
          <reporter-output>
          </reporter-output>
        </test-method> <!-- denojenkinsjobs -->
      </class> <!-- demo.testJenkins -->
    </test> <!-- Test -->
  </suite> <!-- Suite -->
</testng-results>
